Started GET "/" for ::1 at 2019-10-16 10:21:05 -0700
  
ActiveRecord::NoDatabaseError (FATAL:  database "__skip_trubolinks_development" does not exist
):
  
activerecord (6.0.0) lib/active_record/connection_adapters/postgresql_adapter.rb:50:in `rescue in postgresql_connection'
activerecord (6.0.0) lib/active_record/connection_adapters/postgresql_adapter.rb:33:in `postgresql_connection'
activerecord (6.0.0) lib/active_record/connection_adapters/abstract/connection_pool.rb:879:in `new_connection'
activerecord (6.0.0) lib/active_record/connection_adapters/abstract/connection_pool.rb:923:in `checkout_new_connection'
activerecord (6.0.0) lib/active_record/connection_adapters/abstract/connection_pool.rb:902:in `try_to_checkout_new_connection'
activerecord (6.0.0) lib/active_record/connection_adapters/abstract/connection_pool.rb:863:in `acquire_connection'
activerecord (6.0.0) lib/active_record/connection_adapters/abstract/connection_pool.rb:587:in `checkout'
activerecord (6.0.0) lib/active_record/connection_adapters/abstract/connection_pool.rb:431:in `connection'
activerecord (6.0.0) lib/active_record/connection_adapters/abstract/connection_pool.rb:1111:in `retrieve_connection'
activerecord (6.0.0) lib/active_record/connection_handling.rb:231:in `retrieve_connection'
activerecord (6.0.0) lib/active_record/connection_handling.rb:199:in `connection'
activerecord (6.0.0) lib/active_record/migration.rb:562:in `call'
actionpack (6.0.0) lib/action_dispatch/middleware/callbacks.rb:27:in `block in call'
activesupport (6.0.0) lib/active_support/callbacks.rb:101:in `run_callbacks'
actionpack (6.0.0) lib/action_dispatch/middleware/callbacks.rb:26:in `call'
actionpack (6.0.0) lib/action_dispatch/middleware/executor.rb:14:in `call'
actionpack (6.0.0) lib/action_dispatch/middleware/actionable_exceptions.rb:17:in `call'
actionpack (6.0.0) lib/action_dispatch/middleware/debug_exceptions.rb:32:in `call'
web-console (4.0.1) lib/web_console/middleware.rb:132:in `call_app'
web-console (4.0.1) lib/web_console/middleware.rb:28:in `block in call'
web-console (4.0.1) lib/web_console/middleware.rb:17:in `catch'
web-console (4.0.1) lib/web_console/middleware.rb:17:in `call'
actionpack (6.0.0) lib/action_dispatch/middleware/show_exceptions.rb:33:in `call'
railties (6.0.0) lib/rails/rack/logger.rb:38:in `call_app'
railties (6.0.0) lib/rails/rack/logger.rb:26:in `block in call'
activesupport (6.0.0) lib/active_support/tagged_logging.rb:80:in `block in tagged'
activesupport (6.0.0) lib/active_support/tagged_logging.rb:28:in `tagged'
activesupport (6.0.0) lib/active_support/tagged_logging.rb:80:in `tagged'
railties (6.0.0) lib/rails/rack/logger.rb:26:in `call'
sprockets-rails (3.2.1) lib/sprockets/rails/quiet_assets.rb:13:in `call'
actionpack (6.0.0) lib/action_dispatch/middleware/remote_ip.rb:81:in `call'
actionpack (6.0.0) lib/action_dispatch/middleware/request_id.rb:27:in `call'
rack (2.0.7) lib/rack/method_override.rb:22:in `call'
rack (2.0.7) lib/rack/runtime.rb:22:in `call'
activesupport (6.0.0) lib/active_support/cache/strategy/local_cache_middleware.rb:29:in `call'
actionpack (6.0.0) lib/action_dispatch/middleware/executor.rb:14:in `call'
actionpack (6.0.0) lib/action_dispatch/middleware/static.rb:126:in `call'
rack (2.0.7) lib/rack/sendfile.rb:111:in `call'
actionpack (6.0.0) lib/action_dispatch/middleware/host_authorization.rb:83:in `call'
webpacker (4.0.7) lib/webpacker/dev_server_proxy.rb:29:in `perform_request'
rack-proxy (0.6.5) lib/rack/proxy.rb:57:in `call'
railties (6.0.0) lib/rails/engine.rb:526:in `call'
puma (3.12.1) lib/puma/configuration.rb:227:in `call'
puma (3.12.1) lib/puma/server.rb:660:in `handle_request'
puma (3.12.1) lib/puma/server.rb:474:in `process_client'
puma (3.12.1) lib/puma/server.rb:334:in `block in run'
puma (3.12.1) lib/puma/thread_pool.rb:135:in `block in spawn_thread'
  [1m[35m (569.7ms)[0m  [1m[35mCREATE DATABASE "__skip_trubolinks_development" ENCODING = 'unicode'[0m
  [1m[35m (448.3ms)[0m  [1m[35mCREATE DATABASE "__skip_trubolinks_test" ENCODING = 'unicode'[0m
  [1m[35m (421.0ms)[0m  [1m[35mCREATE DATABASE "biddr_development" ENCODING = 'unicode'[0m
  [1m[35m (340.6ms)[0m  [1m[35mCREATE DATABASE "biddr_test" ENCODING = 'unicode'[0m
Started GET "/" for ::1 at 2019-10-16 10:22:56 -0700
Processing by Rails::WelcomeController#index as HTML
  Rendering /Users/Boris/.rvm/gems/ruby-2.6.3/gems/railties-6.0.0/lib/rails/templates/rails/welcome/index.html.erb
  Rendered /Users/Boris/.rvm/gems/ruby-2.6.3/gems/railties-6.0.0/lib/rails/templates/rails/welcome/index.html.erb (Duration: 8.8ms | Allocations: 317)
Completed 200 OK in 21ms (Views: 13.4ms | ActiveRecord: 0.0ms | Allocations: 1712)


  [1m[35m (28.5ms)[0m  [1m[35mCREATE TABLE "schema_migrations" ("version" character varying NOT NULL PRIMARY KEY)[0m
  [1m[35m (30.0ms)[0m  [1m[35mCREATE TABLE "ar_internal_metadata" ("key" character varying NOT NULL PRIMARY KEY, "value" character varying, "created_at" timestamp(6) NOT NULL, "updated_at" timestamp(6) NOT NULL)[0m
  [1m[35m (0.6ms)[0m  [1m[34mSELECT pg_try_advisory_lock(7998245229184738815)[0m
  [1m[35m (1.4ms)[0m  [1m[34mSELECT "schema_migrations"."version" FROM "schema_migrations" ORDER BY "schema_migrations"."version" ASC[0m
Migrating to CreateAuctions (20191016172342)
  [1m[35m (0.2ms)[0m  [1m[35mBEGIN[0m
  [1m[35m (36.8ms)[0m  [1m[35mCREATE TABLE "auctions" ("id" bigserial primary key, "created_at" timestamp(6) NOT NULL, "updated_at" timestamp(6) NOT NULL)[0m
  [1m[36mprimary::SchemaMigration Create (0.6ms)[0m  [1m[32mINSERT INTO "schema_migrations" ("version") VALUES ($1) RETURNING "version"[0m  [["version", "20191016172342"]]
  [1m[35m (0.4ms)[0m  [1m[35mCOMMIT[0m
Migrating to CreateBids (20191016172738)
  [1m[35m (40.8ms)[0m  [1m[34mSELECT pg_advisory_unlock(7998245229184738815)[0m
  [1m[35m (0.2ms)[0m  [1m[34mSELECT pg_try_advisory_lock(7998245229184738815)[0m
  [1m[35m (0.6ms)[0m  [1m[34mSELECT "schema_migrations"."version" FROM "schema_migrations" ORDER BY "schema_migrations"."version" ASC[0m
Migrating to CreateBids (20191016172738)
  [1m[35m (0.2ms)[0m  [1m[35mBEGIN[0m
  [1m[35m (48.9ms)[0m  [1m[35mCREATE TABLE "bids" ("id" bigserial primary key, "bid" integer, "auction_id" bigint, "created_at" timestamp(6) NOT NULL, "updated_at" timestamp(6) NOT NULL, CONSTRAINT "fk_rails_7332d1a025"
FOREIGN KEY ("auction_id")
  REFERENCES "auctions" ("id")
)[0m
  [1m[35m (1.0ms)[0m  [1m[35mCREATE  INDEX  "index_bids_on_auction_id" ON "bids"  ("auction_id")[0m
  [1m[36mprimary::SchemaMigration Create (0.3ms)[0m  [1m[32mINSERT INTO "schema_migrations" ("version") VALUES ($1) RETURNING "version"[0m  [["version", "20191016172738"]]
  [1m[35m (0.6ms)[0m  [1m[35mCOMMIT[0m
Migrating to CreateUsers (20191016173544)
  [1m[35m (39.7ms)[0m  [1m[35mBEGIN[0m
  [1m[35m (4.2ms)[0m  [1m[35mCREATE TABLE "users" ("id" bigserial primary key, "first_name" character varying, "last_name" character varying, "email" character varying, "password_digest" character varying, "created_at" timestamp(6) NOT NULL, "updated_at" timestamp(6) NOT NULL)[0m
  [1m[35m (1.0ms)[0m  [1m[35mCREATE UNIQUE INDEX  "index_users_on_email" ON "users"  ("email")[0m
  [1m[36mprimary::SchemaMigration Create (0.3ms)[0m  [1m[32mINSERT INTO "schema_migrations" ("version") VALUES ($1) RETURNING "version"[0m  [["version", "20191016173544"]]
  [1m[35m (0.5ms)[0m  [1m[35mCOMMIT[0m
Migrating to AddUserToAuction (20191016174445)
  [1m[35m (41.3ms)[0m  [1m[35mBEGIN[0m
  [1m[35m (0.3ms)[0m  [1m[35mALTER TABLE "auctions" ADD "user_id" bigint[0m
  [1m[35m (1.0ms)[0m  [1m[35mCREATE  INDEX  "index_auctions_on_user_id" ON "auctions"  ("user_id")[0m
  [1m[35m (1.0ms)[0m  [1m[35mALTER TABLE "auctions" ADD CONSTRAINT "fk_rails_a21a834151"
FOREIGN KEY ("user_id")
  REFERENCES "users" ("id")
[0m
  [1m[36mprimary::SchemaMigration Create (0.4ms)[0m  [1m[32mINSERT INTO "schema_migrations" ("version") VALUES ($1) RETURNING "version"[0m  [["version", "20191016174445"]]
  [1m[35m (1.1ms)[0m  [1m[35mCOMMIT[0m
Migrating to AddUserToBid (20191016174540)
  [1m[35m (0.3ms)[0m  [1m[35mBEGIN[0m
  [1m[35m (0.3ms)[0m  [1m[35mALTER TABLE "bids" ADD "user_id" bigint[0m
  [1m[35m (41.8ms)[0m  [1m[35mCREATE  INDEX  "index_bids_on_user_id" ON "bids"  ("user_id")[0m
  [1m[35m (1.6ms)[0m  [1m[35mALTER TABLE "bids" ADD CONSTRAINT "fk_rails_e173de2ed3"
FOREIGN KEY ("user_id")
  REFERENCES "users" ("id")
[0m
  [1m[36mprimary::SchemaMigration Create (0.3ms)[0m  [1m[32mINSERT INTO "schema_migrations" ("version") VALUES ($1) RETURNING "version"[0m  [["version", "20191016174540"]]
  [1m[35m (0.5ms)[0m  [1m[35mCOMMIT[0m
  [1m[36mActiveRecord::InternalMetadata Load (1.2ms)[0m  [1m[34mSELECT "ar_internal_metadata".* FROM "ar_internal_metadata" WHERE "ar_internal_metadata"."key" = $1 LIMIT $2[0m  [["key", "environment"], ["LIMIT", 1]]
  [1m[35m (0.1ms)[0m  [1m[35mBEGIN[0m
  [1m[36mActiveRecord::InternalMetadata Create (1.1ms)[0m  [1m[32mINSERT INTO "ar_internal_metadata" ("key", "value", "created_at", "updated_at") VALUES ($1, $2, $3, $4) RETURNING "key"[0m  [["key", "environment"], ["value", "development"], ["created_at", "2019-10-16 17:46:35.936404"], ["updated_at", "2019-10-16 17:46:35.936404"]]
  [1m[35m (0.5ms)[0m  [1m[35mCOMMIT[0m
  [1m[35m (0.2ms)[0m  [1m[34mSELECT pg_advisory_unlock(7998245229184738815)[0m
  [1m[35m (0.7ms)[0m  [1m[34mSELECT "schema_migrations"."version" FROM "schema_migrations" ORDER BY "schema_migrations"."version" ASC[0m
Started POST "/bids/create" for ::1 at 2019-10-16 11:01:06 -0700
  [1m[35m (0.7ms)[0m  [1m[34mSELECT "schema_migrations"."version" FROM "schema_migrations" ORDER BY "schema_migrations"."version" ASC[0m
  
ActionController::RoutingError (No route matches [POST] "/bids/create"):
  
actionpack (6.0.0) lib/action_dispatch/middleware/debug_exceptions.rb:36:in `call'
web-console (4.0.1) lib/web_console/middleware.rb:132:in `call_app'
web-console (4.0.1) lib/web_console/middleware.rb:28:in `block in call'
web-console (4.0.1) lib/web_console/middleware.rb:17:in `catch'
web-console (4.0.1) lib/web_console/middleware.rb:17:in `call'
actionpack (6.0.0) lib/action_dispatch/middleware/show_exceptions.rb:33:in `call'
railties (6.0.0) lib/rails/rack/logger.rb:38:in `call_app'
railties (6.0.0) lib/rails/rack/logger.rb:26:in `block in call'
activesupport (6.0.0) lib/active_support/tagged_logging.rb:80:in `block in tagged'
activesupport (6.0.0) lib/active_support/tagged_logging.rb:28:in `tagged'
activesupport (6.0.0) lib/active_support/tagged_logging.rb:80:in `tagged'
railties (6.0.0) lib/rails/rack/logger.rb:26:in `call'
sprockets-rails (3.2.1) lib/sprockets/rails/quiet_assets.rb:13:in `call'
actionpack (6.0.0) lib/action_dispatch/middleware/remote_ip.rb:81:in `call'
actionpack (6.0.0) lib/action_dispatch/middleware/request_id.rb:27:in `call'
rack (2.0.7) lib/rack/method_override.rb:22:in `call'
rack (2.0.7) lib/rack/runtime.rb:22:in `call'
activesupport (6.0.0) lib/active_support/cache/strategy/local_cache_middleware.rb:29:in `call'
actionpack (6.0.0) lib/action_dispatch/middleware/executor.rb:14:in `call'
actionpack (6.0.0) lib/action_dispatch/middleware/static.rb:126:in `call'
rack (2.0.7) lib/rack/sendfile.rb:111:in `call'
actionpack (6.0.0) lib/action_dispatch/middleware/host_authorization.rb:83:in `call'
webpacker (4.0.7) lib/webpacker/dev_server_proxy.rb:29:in `perform_request'
rack-proxy (0.6.5) lib/rack/proxy.rb:57:in `call'
railties (6.0.0) lib/rails/engine.rb:526:in `call'
puma (3.12.1) lib/puma/configuration.rb:227:in `call'
puma (3.12.1) lib/puma/server.rb:660:in `handle_request'
puma (3.12.1) lib/puma/server.rb:474:in `process_client'
puma (3.12.1) lib/puma/server.rb:334:in `block in run'
puma (3.12.1) lib/puma/thread_pool.rb:135:in `block in spawn_thread'
Started GET "/auctions/show" for ::1 at 2019-10-16 11:01:52 -0700
  
ActionController::RoutingError (No route matches [GET] "/auctions/show"):
  
actionpack (6.0.0) lib/action_dispatch/middleware/debug_exceptions.rb:36:in `call'
web-console (4.0.1) lib/web_console/middleware.rb:132:in `call_app'
web-console (4.0.1) lib/web_console/middleware.rb:28:in `block in call'
web-console (4.0.1) lib/web_console/middleware.rb:17:in `catch'
web-console (4.0.1) lib/web_console/middleware.rb:17:in `call'
actionpack (6.0.0) lib/action_dispatch/middleware/show_exceptions.rb:33:in `call'
railties (6.0.0) lib/rails/rack/logger.rb:38:in `call_app'
railties (6.0.0) lib/rails/rack/logger.rb:26:in `block in call'
activesupport (6.0.0) lib/active_support/tagged_logging.rb:80:in `block in tagged'
activesupport (6.0.0) lib/active_support/tagged_logging.rb:28:in `tagged'
activesupport (6.0.0) lib/active_support/tagged_logging.rb:80:in `tagged'
railties (6.0.0) lib/rails/rack/logger.rb:26:in `call'
sprockets-rails (3.2.1) lib/sprockets/rails/quiet_assets.rb:13:in `call'
actionpack (6.0.0) lib/action_dispatch/middleware/remote_ip.rb:81:in `call'
actionpack (6.0.0) lib/action_dispatch/middleware/request_id.rb:27:in `call'
rack (2.0.7) lib/rack/method_override.rb:22:in `call'
rack (2.0.7) lib/rack/runtime.rb:22:in `call'
activesupport (6.0.0) lib/active_support/cache/strategy/local_cache_middleware.rb:29:in `call'
actionpack (6.0.0) lib/action_dispatch/middleware/executor.rb:14:in `call'
actionpack (6.0.0) lib/action_dispatch/middleware/static.rb:126:in `call'
rack (2.0.7) lib/rack/sendfile.rb:111:in `call'
actionpack (6.0.0) lib/action_dispatch/middleware/host_authorization.rb:83:in `call'
webpacker (4.0.7) lib/webpacker/dev_server_proxy.rb:29:in `perform_request'
rack-proxy (0.6.5) lib/rack/proxy.rb:57:in `call'
railties (6.0.0) lib/rails/engine.rb:526:in `call'
puma (3.12.1) lib/puma/configuration.rb:227:in `call'
puma (3.12.1) lib/puma/server.rb:660:in `handle_request'
puma (3.12.1) lib/puma/server.rb:474:in `process_client'
puma (3.12.1) lib/puma/server.rb:334:in `block in run'
puma (3.12.1) lib/puma/thread_pool.rb:135:in `block in spawn_thread'
Started GET "/" for ::1 at 2019-10-16 11:09:43 -0700
  [1m[35m (0.7ms)[0m  [1m[34mSELECT "schema_migrations"."version" FROM "schema_migrations" ORDER BY "schema_migrations"."version" ASC[0m
Processing by Rails::WelcomeController#index as HTML
  Rendering /Users/Boris/.rvm/gems/ruby-2.6.3/gems/railties-6.0.0/lib/rails/templates/rails/welcome/index.html.erb
  Rendered /Users/Boris/.rvm/gems/ruby-2.6.3/gems/railties-6.0.0/lib/rails/templates/rails/welcome/index.html.erb (Duration: 9.2ms | Allocations: 317)
Completed 200 OK in 22ms (Views: 13.8ms | ActiveRecord: 0.0ms | Allocations: 1714)


Started GET "/bids" for ::1 at 2019-10-16 11:09:48 -0700
  
ActionController::RoutingError (No route matches [GET] "/bids"):
  
actionpack (6.0.0) lib/action_dispatch/middleware/debug_exceptions.rb:36:in `call'
web-console (4.0.1) lib/web_console/middleware.rb:132:in `call_app'
web-console (4.0.1) lib/web_console/middleware.rb:28:in `block in call'
web-console (4.0.1) lib/web_console/middleware.rb:17:in `catch'
web-console (4.0.1) lib/web_console/middleware.rb:17:in `call'
actionpack (6.0.0) lib/action_dispatch/middleware/show_exceptions.rb:33:in `call'
railties (6.0.0) lib/rails/rack/logger.rb:38:in `call_app'
railties (6.0.0) lib/rails/rack/logger.rb:26:in `block in call'
activesupport (6.0.0) lib/active_support/tagged_logging.rb:80:in `block in tagged'
activesupport (6.0.0) lib/active_support/tagged_logging.rb:28:in `tagged'
activesupport (6.0.0) lib/active_support/tagged_logging.rb:80:in `tagged'
railties (6.0.0) lib/rails/rack/logger.rb:26:in `call'
sprockets-rails (3.2.1) lib/sprockets/rails/quiet_assets.rb:13:in `call'
actionpack (6.0.0) lib/action_dispatch/middleware/remote_ip.rb:81:in `call'
actionpack (6.0.0) lib/action_dispatch/middleware/request_id.rb:27:in `call'
rack (2.0.7) lib/rack/method_override.rb:22:in `call'
rack (2.0.7) lib/rack/runtime.rb:22:in `call'
activesupport (6.0.0) lib/active_support/cache/strategy/local_cache_middleware.rb:29:in `call'
actionpack (6.0.0) lib/action_dispatch/middleware/executor.rb:14:in `call'
actionpack (6.0.0) lib/action_dispatch/middleware/static.rb:126:in `call'
rack (2.0.7) lib/rack/sendfile.rb:111:in `call'
actionpack (6.0.0) lib/action_dispatch/middleware/host_authorization.rb:83:in `call'
webpacker (4.0.7) lib/webpacker/dev_server_proxy.rb:29:in `perform_request'
rack-proxy (0.6.5) lib/rack/proxy.rb:57:in `call'
railties (6.0.0) lib/rails/engine.rb:526:in `call'
puma (3.12.1) lib/puma/configuration.rb:227:in `call'
puma (3.12.1) lib/puma/server.rb:660:in `handle_request'
puma (3.12.1) lib/puma/server.rb:474:in `process_client'
puma (3.12.1) lib/puma/server.rb:334:in `block in run'
puma (3.12.1) lib/puma/thread_pool.rb:135:in `block in spawn_thread'
Started GET "/auctions/show" for ::1 at 2019-10-16 11:09:54 -0700
Processing by AuctionsController#show as HTML
  Parameters: {"id"=>"show"}
  [1m[36mAuction Load (0.7ms)[0m  [1m[34mSELECT "auctions".* FROM "auctions" WHERE "auctions"."id" = $1 LIMIT $2[0m  [["id", nil], ["LIMIT", 1]]
  ↳ app/controllers/auctions_controller.rb:30:in `auction'
Completed 404 Not Found in 92ms (ActiveRecord: 48.6ms | Allocations: 4780)


  
ActiveRecord::RecordNotFound (Couldn't find Auction with 'id'=show):
  
app/controllers/auctions_controller.rb:30:in `auction'
app/controllers/auctions_controller.rb:13:in `show'
Started GET "/auctions" for ::1 at 2019-10-16 11:09:57 -0700
Processing by AuctionsController#index as HTML
  [1m[36mAuction Load (2.1ms)[0m  [1m[34mSELECT "auctions".* FROM "auctions" ORDER BY "auctions"."created_at" DESC[0m
  ↳ app/controllers/auctions_controller.rb:9:in `index'
Completed 200 OK in 6ms (Views: 2.3ms | ActiveRecord: 2.1ms | Allocations: 951)


Started GET "/auctions/create" for ::1 at 2019-10-16 11:10:06 -0700
Processing by AuctionsController#show as HTML
  Parameters: {"id"=>"create"}
  [1m[36mAuction Load (0.7ms)[0m  [1m[34mSELECT "auctions".* FROM "auctions" WHERE "auctions"."id" = $1 LIMIT $2[0m  [["id", nil], ["LIMIT", 1]]
  ↳ app/controllers/auctions_controller.rb:30:in `auction'
Completed 404 Not Found in 3ms (ActiveRecord: 0.7ms | Allocations: 1010)


  
ActiveRecord::RecordNotFound (Couldn't find Auction with 'id'=create):
  
app/controllers/auctions_controller.rb:30:in `auction'
app/controllers/auctions_controller.rb:13:in `show'
Started GET "/auctions/1" for ::1 at 2019-10-16 11:10:13 -0700
Processing by AuctionsController#show as HTML
  Parameters: {"id"=>"1"}
  [1m[36mAuction Load (0.5ms)[0m  [1m[34mSELECT "auctions".* FROM "auctions" WHERE "auctions"."id" = $1 LIMIT $2[0m  [["id", 1], ["LIMIT", 1]]
  ↳ app/controllers/auctions_controller.rb:30:in `auction'
Completed 404 Not Found in 3ms (ActiveRecord: 0.5ms | Allocations: 999)


  
ActiveRecord::RecordNotFound (Couldn't find Auction with 'id'=1):
  
app/controllers/auctions_controller.rb:30:in `auction'
app/controllers/auctions_controller.rb:13:in `show'
Started GET "/auctions/new" for ::1 at 2019-10-16 11:10:34 -0700
Processing by AuctionsController#show as HTML
  Parameters: {"id"=>"new"}
  [1m[36mAuction Load (0.4ms)[0m  [1m[34mSELECT "auctions".* FROM "auctions" WHERE "auctions"."id" = $1 LIMIT $2[0m  [["id", nil], ["LIMIT", 1]]
  ↳ app/controllers/auctions_controller.rb:30:in `auction'
Completed 404 Not Found in 3ms (ActiveRecord: 0.4ms | Allocations: 1006)


  
ActiveRecord::RecordNotFound (Couldn't find Auction with 'id'=new):
  
app/controllers/auctions_controller.rb:30:in `auction'
app/controllers/auctions_controller.rb:13:in `show'
Started GET "/auctions/create" for ::1 at 2019-10-16 11:10:39 -0700
Processing by AuctionsController#show as HTML
  Parameters: {"id"=>"create"}
  [1m[36mAuction Load (0.4ms)[0m  [1m[34mSELECT "auctions".* FROM "auctions" WHERE "auctions"."id" = $1 LIMIT $2[0m  [["id", nil], ["LIMIT", 1]]
  ↳ app/controllers/auctions_controller.rb:30:in `auction'
Completed 404 Not Found in 3ms (ActiveRecord: 0.4ms | Allocations: 996)


  
ActiveRecord::RecordNotFound (Couldn't find Auction with 'id'=create):
  
app/controllers/auctions_controller.rb:30:in `auction'
app/controllers/auctions_controller.rb:13:in `show'
Started GET "/create" for ::1 at 2019-10-16 11:10:44 -0700
  
ActionController::RoutingError (No route matches [GET] "/create"):
  
actionpack (6.0.0) lib/action_dispatch/middleware/debug_exceptions.rb:36:in `call'
web-console (4.0.1) lib/web_console/middleware.rb:132:in `call_app'
web-console (4.0.1) lib/web_console/middleware.rb:28:in `block in call'
web-console (4.0.1) lib/web_console/middleware.rb:17:in `catch'
web-console (4.0.1) lib/web_console/middleware.rb:17:in `call'
actionpack (6.0.0) lib/action_dispatch/middleware/show_exceptions.rb:33:in `call'
railties (6.0.0) lib/rails/rack/logger.rb:38:in `call_app'
railties (6.0.0) lib/rails/rack/logger.rb:26:in `block in call'
activesupport (6.0.0) lib/active_support/tagged_logging.rb:80:in `block in tagged'
activesupport (6.0.0) lib/active_support/tagged_logging.rb:28:in `tagged'
activesupport (6.0.0) lib/active_support/tagged_logging.rb:80:in `tagged'
railties (6.0.0) lib/rails/rack/logger.rb:26:in `call'
sprockets-rails (3.2.1) lib/sprockets/rails/quiet_assets.rb:13:in `call'
actionpack (6.0.0) lib/action_dispatch/middleware/remote_ip.rb:81:in `call'
actionpack (6.0.0) lib/action_dispatch/middleware/request_id.rb:27:in `call'
rack (2.0.7) lib/rack/method_override.rb:22:in `call'
rack (2.0.7) lib/rack/runtime.rb:22:in `call'
activesupport (6.0.0) lib/active_support/cache/strategy/local_cache_middleware.rb:29:in `call'
actionpack (6.0.0) lib/action_dispatch/middleware/executor.rb:14:in `call'
actionpack (6.0.0) lib/action_dispatch/middleware/static.rb:126:in `call'
rack (2.0.7) lib/rack/sendfile.rb:111:in `call'
actionpack (6.0.0) lib/action_dispatch/middleware/host_authorization.rb:83:in `call'
webpacker (4.0.7) lib/webpacker/dev_server_proxy.rb:29:in `perform_request'
rack-proxy (0.6.5) lib/rack/proxy.rb:57:in `call'
railties (6.0.0) lib/rails/engine.rb:526:in `call'
puma (3.12.1) lib/puma/configuration.rb:227:in `call'
puma (3.12.1) lib/puma/server.rb:660:in `handle_request'
puma (3.12.1) lib/puma/server.rb:474:in `process_client'
puma (3.12.1) lib/puma/server.rb:334:in `block in run'
puma (3.12.1) lib/puma/thread_pool.rb:135:in `block in spawn_thread'
Started GET "/bids" for ::1 at 2019-10-16 11:11:46 -0700
  
ActionController::RoutingError (No route matches [GET] "/bids"):
  
actionpack (6.0.0) lib/action_dispatch/middleware/debug_exceptions.rb:36:in `call'
web-console (4.0.1) lib/web_console/middleware.rb:132:in `call_app'
web-console (4.0.1) lib/web_console/middleware.rb:28:in `block in call'
web-console (4.0.1) lib/web_console/middleware.rb:17:in `catch'
web-console (4.0.1) lib/web_console/middleware.rb:17:in `call'
actionpack (6.0.0) lib/action_dispatch/middleware/show_exceptions.rb:33:in `call'
railties (6.0.0) lib/rails/rack/logger.rb:38:in `call_app'
railties (6.0.0) lib/rails/rack/logger.rb:26:in `block in call'
activesupport (6.0.0) lib/active_support/tagged_logging.rb:80:in `block in tagged'
activesupport (6.0.0) lib/active_support/tagged_logging.rb:28:in `tagged'
activesupport (6.0.0) lib/active_support/tagged_logging.rb:80:in `tagged'
railties (6.0.0) lib/rails/rack/logger.rb:26:in `call'
sprockets-rails (3.2.1) lib/sprockets/rails/quiet_assets.rb:13:in `call'
actionpack (6.0.0) lib/action_dispatch/middleware/remote_ip.rb:81:in `call'
actionpack (6.0.0) lib/action_dispatch/middleware/request_id.rb:27:in `call'
rack (2.0.7) lib/rack/method_override.rb:22:in `call'
rack (2.0.7) lib/rack/runtime.rb:22:in `call'
activesupport (6.0.0) lib/active_support/cache/strategy/local_cache_middleware.rb:29:in `call'
actionpack (6.0.0) lib/action_dispatch/middleware/executor.rb:14:in `call'
actionpack (6.0.0) lib/action_dispatch/middleware/static.rb:126:in `call'
rack (2.0.7) lib/rack/sendfile.rb:111:in `call'
actionpack (6.0.0) lib/action_dispatch/middleware/host_authorization.rb:83:in `call'
webpacker (4.0.7) lib/webpacker/dev_server_proxy.rb:29:in `perform_request'
rack-proxy (0.6.5) lib/rack/proxy.rb:57:in `call'
railties (6.0.0) lib/rails/engine.rb:526:in `call'
puma (3.12.1) lib/puma/configuration.rb:227:in `call'
puma (3.12.1) lib/puma/server.rb:660:in `handle_request'
puma (3.12.1) lib/puma/server.rb:474:in `process_client'
puma (3.12.1) lib/puma/server.rb:334:in `block in run'
puma (3.12.1) lib/puma/thread_pool.rb:135:in `block in spawn_thread'
